<?xml version="1.0" encoding="UTF-8"?>
<!-- Generated by org.testng.reporters.JUnitReportReporter -->
<testsuite hostname="Bhartis-MacBook-Pro.local" failures="0" tests="3" name="Wiki.WikiTest" time="27.676" errors="0" timestamp="2022-01-08T18:25:43 PST" skipped="0">
  <testcase classname="Wiki.WikiTest" name="testPersonifiedConceptsNikePopUpAndFamilyTreeValidation" time="10.329"/>
  <system-out/>
  <testcase classname="Wiki.WikiTest" name="testFunctioningHyperLinks" time="12.128"/>
  <system-out/>
  <testcase classname="Wiki.WikiTest" name="testHeadingsOfHyperLinks" time="5.219"/>
  <system-out/>
</testsuite> <!-- Wiki.WikiTest -->
