<?xml version="1.0" encoding="UTF-8"?>
<!-- Generated by org.testng.reporters.JUnitReportReporter -->
<testsuite hostname="Bhartis-MacBook-Pro.local" failures="0" tests="1" name="Wiki.Metis" time="20.112" errors="0" timestamp="2022-01-08T14:24:14 PST" skipped="0">
  <testcase classname="Wiki.Metis" name="lauchwikipedia" time="20.112"/>
  <system-out/>
</testsuite> <!-- Wiki.Metis -->
